<?xml version="1.0" encoding="UTF-8"?>
<!-- Generated by org.testng.reporters.JUnitReportReporter -->
<testsuite skipped="0" hostname="IBM955-PC09G4RA" name="com.training.functional.tests.FilterOrder" tests="3" failures="0" timestamp="07 Feb 2019 08:47:14 GMT" time="6.773" errors="0">
  <testcase name="validOrderTest" time="3.858" classname="com.training.functional.tests.FilterOrder"/>
  <testcase name="validOrderTestWithId" time="1.434" classname="com.training.functional.tests.FilterOrder"/>
  <testcase name="validOrdertestwithname" time="1.481" classname="com.training.functional.tests.FilterOrder"/>
</testsuite> <!-- com.training.functional.tests.FilterOrder -->
