<?xml version="1.0" encoding="UTF-8"?>
<!-- Generated by org.testng.reporters.JUnitReportReporter -->
<testsuite skipped="0" hostname="IBM955-PC09G4RA" name="com.training.functional.tests.AddCategoryTest_RTTC48" tests="3" failures="0" timestamp="05 Feb 2019 08:45:11 GMT" time="48.060" errors="0">
  <testcase name="LoginTest" time="2.700" classname="com.training.functional.tests.AddCategoryTest_RTTC48"/>
  <testcase name="categoryAddition" time="5.352" classname="com.training.functional.tests.AddCategoryTest_RTTC48"/>
  <testcase name="addProduct" time="40.008" classname="com.training.functional.tests.AddCategoryTest_RTTC48"/>
</testsuite> <!-- com.training.functional.tests.AddCategoryTest_RTTC48 -->
