<?xml version="1.0" encoding="UTF-8"?>
<!-- Generated by org.testng.reporters.JUnitReportReporter -->
<testsuite skipped="0" hostname="IBM955-PC09G4RA" name="com.training.functional.tests.ChangeOrderTest_RTTC046" tests="2" failures="0" timestamp="05 Feb 2019 08:40:55 GMT" time="19.530" errors="0">
  <testcase name="login" time="2.655" classname="com.training.functional.tests.ChangeOrderTest_RTTC046"/>
  <testcase name="changeOrderTest" time="16.875" classname="com.training.functional.tests.ChangeOrderTest_RTTC046"/>
</testsuite> <!-- com.training.functional.tests.ChangeOrderTest_RTTC046 -->
