<?xml version="1.0" encoding="UTF-8"?>
<!-- Generated by org.testng.reporters.JUnitReportReporter -->
<testsuite skipped="0" hostname="IBM955-PC09G4RA" name="com.training.functional.tests.PlaceOrderTest_RTTC080" tests="1" failures="0" timestamp="13 Feb 2019 16:31:39 GMT" time="30.882" errors="0">
  <testcase name="checkOrderStatus" time="30.882" classname="com.training.functional.tests.PlaceOrderTest_RTTC080"/>
</testsuite> <!-- com.training.functional.tests.PlaceOrderTest_RTTC080 -->
