<?xml version="1.0" encoding="UTF-8"?>
<!-- Generated by org.testng.reporters.JUnitReportReporter -->
<testsuite skipped="0" hostname="IBM955-PC09G4RA" name="com.training.functional.tests.ChangeOrderTest_RTTC046" tests="2" failures="0" timestamp="12 Feb 2019 05:39:06 GMT" time="19.981" errors="0">
  <testcase name="login" time="2.327" classname="com.training.functional.tests.ChangeOrderTest_RTTC046"/>
  <testcase name="changeOrderTest" time="17.654" classname="com.training.functional.tests.ChangeOrderTest_RTTC046"/>
</testsuite> <!-- com.training.functional.tests.ChangeOrderTest_RTTC046 -->
