<?xml version="1.0" encoding="UTF-8"?>
<!-- Generated by org.testng.reporters.JUnitReportReporter -->
<testsuite skipped="0" hostname="IBM955-PC09G4RA" name="com.training.functional.tests.ModifyOrderTest_RTTC_076" tests="2" failures="0" timestamp="14 Feb 2019 06:55:38 GMT" time="19.731" errors="0">
  <testcase name="loginDBTest" time="2.138" classname="com.training.functional.tests.ModifyOrderTest_RTTC_076"/>
  <testcase name="changeOrderTest" time="17.593" classname="com.training.functional.tests.ModifyOrderTest_RTTC_076"/>
</testsuite> <!-- com.training.functional.tests.ModifyOrderTest_RTTC_076 -->
