<?xml version="1.0" encoding="UTF-8"?>
<!-- Generated by org.testng.reporters.JUnitReportReporter -->
<testsuite skipped="0" hostname="IBM955-PC09G4RA" name="com.training.functional.tests.FilterProductReturn" tests="3" failures="0" timestamp="25 Jan 2019 05:03:12 GMT" time="8.748" errors="0">
  <testcase name="filterProductTest" time="4.723" classname="com.training.functional.tests.FilterProductReturn"/>
  <testcase name="filterProductById" time="2.281" classname="com.training.functional.tests.FilterProductReturn"/>
  <testcase name="filterProductByCustomer" time="1.744" classname="com.training.functional.tests.FilterProductReturn"/>
</testsuite> <!-- com.training.functional.tests.FilterProductReturn -->
