<?xml version="1.0" encoding="UTF-8"?>
<!-- Generated by org.testng.reporters.JUnitReportReporter -->
<testsuite skipped="0" hostname="IBM955-PC09G4RA" name="com.training.functional.tests.FilterOrder" tests="3" failures="0" timestamp="24 Jan 2019 09:29:31 GMT" time="12.376" errors="0">
  <testcase name="validOrderTest" time="6.171" classname="com.training.functional.tests.FilterOrder"/>
  <testcase name="validOrderTestWithId" time="1.682" classname="com.training.functional.tests.FilterOrder"/>
  <testcase name="validOrdertestwithname" time="4.523" classname="com.training.functional.tests.FilterOrder"/>
</testsuite> <!-- com.training.functional.tests.FilterOrder -->
