<?xml version="1.0" encoding="UTF-8"?>
<!-- Generated by org.testng.reporters.JUnitReportReporter -->
<testsuite skipped="0" hostname="IBM955-PC09G4RA" name="com.training.regression.tests.LoginDBTest" tests="1" failures="0" timestamp="12 Feb 2019 06:51:09 GMT" time="11.759" errors="0">
  <testcase name="loginDBTest" time="11.759" classname="com.training.regression.tests.LoginDBTest"/>
</testsuite> <!-- com.training.regression.tests.LoginDBTest -->
