<?xml version="1.0" encoding="UTF-8"?>
<!-- Generated by org.testng.reporters.JUnitReportReporter -->
<testsuite skipped="0" hostname="IBM955-PC09G4RA" name="com.training.functional.tests.ProductReturnTest_RTTC049" tests="3" failures="0" timestamp="05 Feb 2019 08:47:22 GMT" time="14.380" errors="0">
  <testcase name="validOrderTest" time="2.735" classname="com.training.functional.tests.ProductReturnTest_RTTC049"/>
  <testcase name="addProductReturn" time="4.932" classname="com.training.functional.tests.ProductReturnTest_RTTC049"/>
  <testcase name="deleteReturn" time="6.713" classname="com.training.functional.tests.ProductReturnTest_RTTC049"/>
</testsuite> <!-- com.training.functional.tests.ProductReturnTest_RTTC049 -->
