<?xml version="1.0" encoding="UTF-8"?>
<!-- Generated by org.testng.reporters.JUnitReportReporter -->
<testsuite skipped="0" hostname="IBM955-PC09G4RA" name="com.training.functional.tests.LoginTest" tests="1" failures="0" timestamp="07 Feb 2019 05:17:35 GMT" time="17.001" errors="0">
  <testcase name="loginDBTest" time="17.001" classname="com.training.functional.tests.LoginTest"/>
</testsuite> <!-- com.training.functional.tests.LoginTest -->
