<?xml version="1.0" encoding="UTF-8"?>
<!-- Generated by org.testng.reporters.JUnitReportReporter -->
<testsuite skipped="0" hostname="IBM955-PC09G4RA" name="com.training.functional.tests.AddRewardPoints_RTTC50" tests="2" failures="0" timestamp="05 Feb 2019 08:49:18 GMT" time="9.889" errors="0">
  <testcase name="validOrderTest" time="3.887" classname="com.training.functional.tests.AddRewardPoints_RTTC50"/>
  <testcase name="editCustomerDetails" time="6.002" classname="com.training.functional.tests.AddRewardPoints_RTTC50"/>
</testsuite> <!-- com.training.functional.tests.AddRewardPoints_RTTC50 -->
