<?xml version="1.0" encoding="UTF-8"?>
<!-- Generated by org.testng.reporters.JUnitReportReporter -->
<testsuite skipped="0" hostname="IBM955-PC09G4RA" name="com.training.functional.tests.AddCategoryTest" tests="2" failures="0" timestamp="29 Jan 2019 11:55:53 GMT" time="44.175" errors="0">
  <testcase name="LoginTest" time="3.197" classname="com.training.functional.tests.AddCategoryTest"/>
  <testcase name="addProduct" time="40.978" classname="com.training.functional.tests.AddCategoryTest"/>
</testsuite> <!-- com.training.functional.tests.AddCategoryTest -->
