<?xml version="1.0" encoding="UTF-8"?>
<!-- Generated by org.testng.reporters.JUnitReportReporter -->
<testsuite skipped="0" hostname="IBM955-PC09G4RA" name="com.training.functional.tests.FilterOrder" tests="3" failures="0" timestamp="28 Jan 2019 08:23:28 GMT" time="6.498" errors="0">
  <testcase name="validOrderTest" time="3.720" classname="com.training.functional.tests.FilterOrder"/>
  <testcase name="validOrderTestWithId" time="1.327" classname="com.training.functional.tests.FilterOrder"/>
  <testcase name="validOrdertestwithname" time="1.451" classname="com.training.functional.tests.FilterOrder"/>
</testsuite> <!-- com.training.functional.tests.FilterOrder -->
