<?xml version="1.0" encoding="UTF-8"?>
<!-- Generated by org.testng.reporters.JUnitReportReporter -->
<testsuite skipped="0" hostname="IBM955-PC09G4RA" name="com.training.functional.tests.DeleteReturnTest" tests="1" failures="0" timestamp="24 Jan 2019 05:29:33 GMT" time="23.353" errors="0">
  <testcase name="deleteReturnTest" time="23.353" classname="com.training.functional.tests.DeleteReturnTest"/>
</testsuite> <!-- com.training.functional.tests.DeleteReturnTest -->
