<?xml version="1.0" encoding="UTF-8"?>
<!-- Generated by org.testng.reporters.JUnitReportReporter -->
<testsuite skipped="0" hostname="IBM955-PC09G4RA" name="com.training.functional.tests.FilterCustomerTest" tests="3" failures="0" timestamp="25 Jan 2019 05:25:55 GMT" time="12.276" errors="0">
  <testcase name="filterCustomerTest" time="9.569" classname="com.training.functional.tests.FilterCustomerTest"/>
  <testcase name="filterCustomerByName" time="1.547" classname="com.training.functional.tests.FilterCustomerTest"/>
  <testcase name="filterCustomerByMail" time="1.160" classname="com.training.functional.tests.FilterCustomerTest"/>
</testsuite> <!-- com.training.functional.tests.FilterCustomerTest -->
