<?xml version="1.0" encoding="UTF-8"?>
<!-- Generated by org.testng.reporters.JUnitReportReporter -->
<testsuite skipped="0" hostname="IBM955-PC09G4RA" name="com.training.functional.tests.ModifyOrderTest_RTTC077" tests="5" failures="0" timestamp="14 Feb 2019 07:00:08 GMT" time="77.426" errors="0">
  <testcase name="loginDBTest" time="2.457" classname="com.training.functional.tests.ModifyOrderTest_RTTC077"/>
  <testcase name="changeOrderTest" time="17.986" classname="com.training.functional.tests.ModifyOrderTest_RTTC077"/>
  <testcase name="changeOrderTest" time="17.278" classname="com.training.functional.tests.ModifyOrderTest_RTTC077"/>
  <testcase name="changeOrderTest" time="20.513" classname="com.training.functional.tests.ModifyOrderTest_RTTC077"/>
  <testcase name="changeOrderTest" time="19.192" classname="com.training.functional.tests.ModifyOrderTest_RTTC077"/>
</testsuite> <!-- com.training.functional.tests.ModifyOrderTest_RTTC077 -->
